<?xml version="1.0" encoding="UTF-8"?>
<!-- Generated by org.testng.reporters.JUnitXMLReporter -->
<testsuite ignored="3" hostname="DESKTOP-G8O6OG0" failures="0" tests="1" name="My Test" time="12.869" errors="0" timestamp="2024-12-09T20:14:16 IST">
  <testcase classname="com.TestNGDemos.D05GoogleAssignment" name="gmailLink" time="4.938"/>
  <testcase classname="com.TestNGDemos.D05GoogleAssignment" name="businessLink" time="0.0">
    <ignored/>
  </testcase> <!-- businessLink -->
  <testcase classname="com.TestNGDemos.D05GoogleAssignment" name="imagesLink" time="0.0">
    <ignored/>
  </testcase> <!-- imagesLink -->
  <testcase classname="com.TestNGDemos.D05GoogleAssignment" name="advtLink" time="0.0">
    <ignored/>
  </testcase> <!-- advtLink -->
</testsuite> <!-- My Test -->
