<?xml version="1.0" encoding="UTF-8"?>
<testng-results ignored="0" total="3" passed="3" failed="0" skipped="0">
  <reporter-output>
  </reporter-output>
  <suite started-at="2024-12-18T22:09:12 IST" name="Default suite" finished-at="2024-12-18T22:09:12 IST" duration-ms="201">
    <groups>
    </groups>
    <test started-at="2024-12-18T22:09:12 IST" name="Default test" finished-at="2024-12-18T22:09:12 IST" duration-ms="201">
      <class name="com.MyTests.D08SampleDataProvider">
        <test-method signature="login(java.lang.String,java.lang.String)[pri:0, instance:com.MyTests.D08SampleDataProvider@3ba987b8]" started-at="2024-12-18T22:09:12 IST" name="login" data-provider="generateData" finished-at="2024-12-18T22:09:12 IST" duration-ms="14" status="PASS">
          <params>
            <param index="0">
              <value>
                <![CDATA[abc]]>
              </value>
            </param>
            <param index="1">
              <value>
                <![CDATA[pqr]]>
              </value>
            </param>
          </params>
          <reporter-output>
          </reporter-output>
        </test-method> <!-- login -->
        <test-method signature="login(java.lang.String,java.lang.String)[pri:0, instance:com.MyTests.D08SampleDataProvider@3ba987b8]" started-at="2024-12-18T22:09:12 IST" name="login" data-provider="generateData" finished-at="2024-12-18T22:09:12 IST" duration-ms="7" status="PASS">
          <params>
            <param index="0">
              <value>
                <![CDATA[lmn]]>
              </value>
            </param>
            <param index="1">
              <value>
                <![CDATA[POI]]>
              </value>
            </param>
          </params>
          <reporter-output>
          </reporter-output>
        </test-method> <!-- login -->
        <test-method signature="login(java.lang.String,java.lang.String)[pri:0, instance:com.MyTests.D08SampleDataProvider@3ba987b8]" started-at="2024-12-18T22:09:12 IST" name="login" data-provider="generateData" finished-at="2024-12-18T22:09:12 IST" duration-ms="2" status="PASS">
          <params>
            <param index="0">
              <value>
                <![CDATA[ZXC]]>
              </value>
            </param>
            <param index="1">
              <value>
                <![CDATA[VBN]]>
              </value>
            </param>
          </params>
          <reporter-output>
          </reporter-output>
        </test-method> <!-- login -->
      </class> <!-- com.MyTests.D08SampleDataProvider -->
    </test> <!-- Default test -->
  </suite> <!-- Default suite -->
</testng-results>
