<?xml version="1.0" encoding="UTF-8"?>
<testng-results ignored="0" total="8" passed="8" failed="0" skipped="0">
  <reporter-output>
  </reporter-output>
  <suite started-at="2024-12-18T21:16:30 IST" name="Default suite" finished-at="2024-12-18T21:17:11 IST" duration-ms="40795">
    <groups>
    </groups>
    <test started-at="2024-12-18T21:16:30 IST" name="Default test" finished-at="2024-12-18T21:17:11 IST" duration-ms="40795">
      <class name="com.TestNGDemos.D15LoginToOHRM_DDF">
        <test-method is-config="true" signature="beforeTest()[pri:0, instance:com.TestNGDemos.D15LoginToOHRM_DDF@71687585]" started-at="2024-12-18T21:16:30 IST" name="beforeTest" finished-at="2024-12-18T21:16:37 IST" duration-ms="6844" status="PASS">
          <reporter-output>
          </reporter-output>
        </test-method> <!-- beforeTest -->
        <test-method signature="loginToOHRM(java.lang.String,java.lang.String)[pri:0, instance:com.TestNGDemos.D15LoginToOHRM_DDF@71687585]" started-at="2024-12-18T21:16:37 IST" name="loginToOHRM" data-provider="getLoginDetails" finished-at="2024-12-18T21:16:39 IST" duration-ms="1973" status="PASS">
          <params>
            <param index="0">
              <value>
                <![CDATA[admin]]>
              </value>
            </param>
            <param index="1">
              <value>
                <![CDATA[admin123]]>
              </value>
            </param>
          </params>
          <reporter-output>
          </reporter-output>
        </test-method> <!-- loginToOHRM -->
        <test-method is-config="true" signature="logout()[pri:0, instance:com.TestNGDemos.D15LoginToOHRM_DDF@71687585]" started-at="2024-12-18T21:16:39 IST" name="logout" finished-at="2024-12-18T21:16:43 IST" duration-ms="4234" status="PASS">
          <reporter-output>
          </reporter-output>
        </test-method> <!-- logout -->
        <test-method signature="loginToOHRM(java.lang.String,java.lang.String)[pri:0, instance:com.TestNGDemos.D15LoginToOHRM_DDF@71687585]" started-at="2024-12-18T21:16:43 IST" name="loginToOHRM" data-provider="getLoginDetails" finished-at="2024-12-18T21:16:45 IST" duration-ms="2181" status="PASS">
          <params>
            <param index="0">
              <value>
                <![CDATA[chetan]]>
              </value>
            </param>
            <param index="1">
              <value>
                <![CDATA[chetan123]]>
              </value>
            </param>
          </params>
          <reporter-output>
          </reporter-output>
        </test-method> <!-- loginToOHRM -->
        <test-method is-config="true" signature="logout()[pri:0, instance:com.TestNGDemos.D15LoginToOHRM_DDF@71687585]" started-at="2024-12-18T21:16:45 IST" name="logout" finished-at="2024-12-18T21:16:47 IST" duration-ms="2162" status="PASS">
          <reporter-output>
          </reporter-output>
        </test-method> <!-- logout -->
        <test-method signature="loginToOHRM(java.lang.String,java.lang.String)[pri:0, instance:com.TestNGDemos.D15LoginToOHRM_DDF@71687585]" started-at="2024-12-18T21:16:47 IST" name="loginToOHRM" data-provider="getLoginDetails" finished-at="2024-12-18T21:16:49 IST" duration-ms="1005" status="PASS">
          <params>
            <param index="0">
              <value>
                <![CDATA[sourabh]]>
              </value>
            </param>
            <param index="1">
              <value>
                <![CDATA[sourabh123]]>
              </value>
            </param>
          </params>
          <reporter-output>
          </reporter-output>
        </test-method> <!-- loginToOHRM -->
        <test-method is-config="true" signature="logout()[pri:0, instance:com.TestNGDemos.D15LoginToOHRM_DDF@71687585]" started-at="2024-12-18T21:16:49 IST" name="logout" finished-at="2024-12-18T21:16:51 IST" duration-ms="2152" status="PASS">
          <reporter-output>
          </reporter-output>
        </test-method> <!-- logout -->
        <test-method signature="loginToOHRM(java.lang.String,java.lang.String)[pri:0, instance:com.TestNGDemos.D15LoginToOHRM_DDF@71687585]" started-at="2024-12-18T21:16:51 IST" name="loginToOHRM" data-provider="getLoginDetails" finished-at="2024-12-18T21:16:52 IST" duration-ms="1474" status="PASS">
          <params>
            <param index="0">
              <value>
                <![CDATA[admin]]>
              </value>
            </param>
            <param index="1">
              <value>
                <![CDATA[admin123]]>
              </value>
            </param>
          </params>
          <reporter-output>
          </reporter-output>
        </test-method> <!-- loginToOHRM -->
        <test-method is-config="true" signature="logout()[pri:0, instance:com.TestNGDemos.D15LoginToOHRM_DDF@71687585]" started-at="2024-12-18T21:16:52 IST" name="logout" finished-at="2024-12-18T21:16:56 IST" duration-ms="3545" status="PASS">
          <reporter-output>
          </reporter-output>
        </test-method> <!-- logout -->
        <test-method signature="loginToOHRM(java.lang.String,java.lang.String)[pri:0, instance:com.TestNGDemos.D15LoginToOHRM_DDF@71687585]" started-at="2024-12-18T21:16:56 IST" name="loginToOHRM" data-provider="getLoginDetails" finished-at="2024-12-18T21:16:57 IST" duration-ms="1305" status="PASS">
          <params>
            <param index="0">
              <value>
                <![CDATA[akshay]]>
              </value>
            </param>
            <param index="1">
              <value>
                <![CDATA[akshay123]]>
              </value>
            </param>
          </params>
          <reporter-output>
          </reporter-output>
        </test-method> <!-- loginToOHRM -->
        <test-method is-config="true" signature="logout()[pri:0, instance:com.TestNGDemos.D15LoginToOHRM_DDF@71687585]" started-at="2024-12-18T21:16:57 IST" name="logout" finished-at="2024-12-18T21:16:59 IST" duration-ms="2125" status="PASS">
          <reporter-output>
          </reporter-output>
        </test-method> <!-- logout -->
        <test-method signature="loginToOHRM(java.lang.String,java.lang.String)[pri:0, instance:com.TestNGDemos.D15LoginToOHRM_DDF@71687585]" started-at="2024-12-18T21:16:59 IST" name="loginToOHRM" data-provider="getLoginDetails" finished-at="2024-12-18T21:17:00 IST" duration-ms="972" status="PASS">
          <params>
            <param index="0">
              <value>
                <![CDATA[nagraj]]>
              </value>
            </param>
            <param index="1">
              <value>
                <![CDATA[nagraj123]]>
              </value>
            </param>
          </params>
          <reporter-output>
          </reporter-output>
        </test-method> <!-- loginToOHRM -->
        <test-method is-config="true" signature="logout()[pri:0, instance:com.TestNGDemos.D15LoginToOHRM_DDF@71687585]" started-at="2024-12-18T21:17:00 IST" name="logout" finished-at="2024-12-18T21:17:02 IST" duration-ms="2113" status="PASS">
          <reporter-output>
          </reporter-output>
        </test-method> <!-- logout -->
        <test-method signature="loginToOHRM(java.lang.String,java.lang.String)[pri:0, instance:com.TestNGDemos.D15LoginToOHRM_DDF@71687585]" started-at="2024-12-18T21:17:02 IST" name="loginToOHRM" data-provider="getLoginDetails" finished-at="2024-12-18T21:17:03 IST" duration-ms="355" status="PASS">
          <params>
            <param index="0">
              <value>
                <![CDATA[admin]]>
              </value>
            </param>
            <param index="1">
              <value>
                <![CDATA[admin123]]>
              </value>
            </param>
          </params>
          <reporter-output>
          </reporter-output>
        </test-method> <!-- loginToOHRM -->
        <test-method is-config="true" signature="logout()[pri:0, instance:com.TestNGDemos.D15LoginToOHRM_DDF@71687585]" started-at="2024-12-18T21:17:03 IST" name="logout" finished-at="2024-12-18T21:17:06 IST" duration-ms="3851" status="PASS">
          <reporter-output>
          </reporter-output>
        </test-method> <!-- logout -->
        <test-method signature="loginToOHRM(java.lang.String,java.lang.String)[pri:0, instance:com.TestNGDemos.D15LoginToOHRM_DDF@71687585]" started-at="2024-12-18T21:17:06 IST" name="loginToOHRM" data-provider="getLoginDetails" finished-at="2024-12-18T21:17:08 IST" duration-ms="1423" status="PASS">
          <params>
            <param index="0">
              <value>
                <![CDATA[aditya]]>
              </value>
            </param>
            <param index="1">
              <value>
                <![CDATA[aditya123]]>
              </value>
            </param>
          </params>
          <reporter-output>
          </reporter-output>
        </test-method> <!-- loginToOHRM -->
        <test-method is-config="true" signature="logout()[pri:0, instance:com.TestNGDemos.D15LoginToOHRM_DDF@71687585]" started-at="2024-12-18T21:17:08 IST" name="logout" finished-at="2024-12-18T21:17:10 IST" duration-ms="2120" status="PASS">
          <reporter-output>
          </reporter-output>
        </test-method> <!-- logout -->
        <test-method is-config="true" signature="afterTest()[pri:0, instance:com.TestNGDemos.D15LoginToOHRM_DDF@71687585]" started-at="2024-12-18T21:17:10 IST" name="afterTest" finished-at="2024-12-18T21:17:11 IST" duration-ms="804" status="PASS">
          <reporter-output>
          </reporter-output>
        </test-method> <!-- afterTest -->
      </class> <!-- com.TestNGDemos.D15LoginToOHRM_DDF -->
    </test> <!-- Default test -->
  </suite> <!-- Default suite -->
</testng-results>
