<?xml version="1.0" encoding="UTF-8"?>
<!-- Generated by org.testng.reporters.JUnitXMLReporter -->
<testsuite ignored="0" hostname="DESKTOP-G8O6OG0" failures="0" tests="3" name="Default test" time="0.201" errors="0" timestamp="2024-12-18T22:09:13 IST">
  <testcase classname="com.MyTests.D08SampleDataProvider" name="login" time="0.014"/>
  <testcase classname="com.MyTests.D08SampleDataProvider" name="login" time="0.007"/>
  <testcase classname="com.MyTests.D08SampleDataProvider" name="login" time="0.002"/>
</testsuite> <!-- Default test -->
