<?xml version="1.0" encoding="UTF-8"?>
<!-- Generated by org.testng.reporters.JUnitXMLReporter -->
<testsuite ignored="0" hostname="DESKTOP-G8O6OG0" failures="0" tests="4" name="Default test" time="17.229" errors="0" timestamp="2024-12-04T22:02:44 IST">
  <testcase classname="com.Assignments.OHRM_Login_Logout" name="login1" time="2.106"/>
  <testcase classname="com.Assignments.OHRM_Login_Logout" name="login2" time="1.355"/>
  <testcase classname="com.Assignments.OHRM_Login_Logout" name="login3" time="0.621"/>
  <testcase classname="com.Assignments.OHRM_Login_Logout" name="login4" time="1.327"/>
</testsuite> <!-- Default test -->
